<?xml version="1.0" encoding="UTF-8"?>
<testsuite name="com.kodilla.stream.invoice.simple.SimpleInvoiceTestSuite" tests="1" skipped="0" failures="0" errors="0" timestamp="2021-05-03T14:57:45" hostname="LAPTOP-LF601L0C" time="0.004">
  <properties/>
  <testcase name="testGetValueToPay()" classname="com.kodilla.stream.invoice.simple.SimpleInvoiceTestSuite" time="0.004"/>
  <system-out><![CDATA[]]></system-out>
  <system-err><![CDATA[]]></system-err>
</testsuite>
