<?xml version="1.0" encoding="UTF-8"?>
<testsuite name="com.kodilla.stream.world.WorldTestSuite" tests="1" skipped="0" failures="0" errors="0" timestamp="2021-05-03T14:57:45" hostname="LAPTOP-LF601L0C" time="0.003">
  <properties/>
  <testcase name="testGetPeopleQuantity()" classname="com.kodilla.stream.world.WorldTestSuite" time="0.003"/>
  <system-out><![CDATA[]]></system-out>
  <system-err><![CDATA[]]></system-err>
</testsuite>
