<?xml version="1.0" encoding="UTF-8"?>
<testsuite name="com.kodilla.stream.sand.SandStorageTestSuite" tests="1" skipped="0" failures="0" errors="0" timestamp="2021-05-03T14:57:45" hostname="LAPTOP-LF601L0C" time="0.005">
  <properties/>
  <testcase name="testGetSandBeansQuantity()" classname="com.kodilla.stream.sand.SandStorageTestSuite" time="0.005"/>
  <system-out><![CDATA[]]></system-out>
  <system-err><![CDATA[]]></system-err>
</testsuite>
