<?xml version="1.0" encoding="UTF-8"?>
<testsuite name="com.kodilla.testing.weather.stub.WeatherForecastTestSuite" tests="1" skipped="0" failures="0" errors="0" timestamp="2021-03-03T22:33:10" hostname="LAPTOP-LF601L0C" time="0.0">
  <properties/>
  <testcase name="testCalculateForecastWithStub()" classname="com.kodilla.testing.weather.stub.WeatherForecastTestSuite" time="0.0"/>
  <system-out><![CDATA[]]></system-out>
  <system-err><![CDATA[]]></system-err>
</testsuite>
