<?xml version="1.0" encoding="UTF-8"?>
<testsuite name="Test Shapes..." tests="3" skipped="0" failures="0" errors="0" timestamp="2021-03-03T22:33:10" hostname="LAPTOP-LF601L0C" time="0.011">
  <properties/>
  <testcase name="Test triangle" classname="com.kodilla.testing.shape.ShapeCollectorTestSuite$ShapesTests" time="0.001"/>
  <testcase name="Test circle" classname="com.kodilla.testing.shape.ShapeCollectorTestSuite$ShapesTests" time="0.002"/>
  <testcase name="Test square" classname="com.kodilla.testing.shape.ShapeCollectorTestSuite$ShapesTests" time="0.002"/>
  <system-out><![CDATA[]]></system-out>
  <system-err><![CDATA[]]></system-err>
</testsuite>
