<?xml version="1.0" encoding="UTF-8"?>
<testsuite name="Test Shapes..." tests="3" skipped="0" failures="0" errors="0" timestamp="2021-05-03T14:57:47" hostname="LAPTOP-LF601L0C" time="0.003">
  <properties/>
  <testcase name="Test triangle" classname="com.kodilla.testing.shape.ShapeCollectorTestSuite$ShapesTests" time="0.001"/>
  <testcase name="Test circle" classname="com.kodilla.testing.shape.ShapeCollectorTestSuite$ShapesTests" time="0.001"/>
  <testcase name="Test square" classname="com.kodilla.testing.shape.ShapeCollectorTestSuite$ShapesTests" time="0.0"/>
  <system-out><![CDATA[]]></system-out>
  <system-err><![CDATA[]]></system-err>
</testsuite>
