<?xml version="1.0" encoding="UTF-8"?>
<testsuite name="com.kodilla.patterns.singleton.LoggerTestSuite" tests="1" skipped="0" failures="0" errors="0" timestamp="2021-05-03T14:57:29" hostname="LAPTOP-LF601L0C" time="0.001">
  <properties/>
  <testcase name="testGetLastLog()" classname="com.kodilla.patterns.singleton.LoggerTestSuite" time="0.001"/>
  <system-out><![CDATA[Log: [hello there]
]]></system-out>
  <system-err><![CDATA[]]></system-err>
</testsuite>
