<?xml version="1.0" encoding="UTF-8"?>
<testsuite name="com.kodilla.patterns.strategy.social.SocialTestSuite" tests="2" skipped="0" failures="0" errors="0" timestamp="2021-05-03T14:57:29" hostname="LAPTOP-LF601L0C" time="0.004">
  <properties/>
  <testcase name="testDefaultSharingStrategies()" classname="com.kodilla.patterns.strategy.social.SocialTestSuite" time="0.002"/>
  <testcase name="testIndividualSharingStrategy()" classname="com.kodilla.patterns.strategy.social.SocialTestSuite" time="0.001"/>
  <system-out><![CDATA[]]></system-out>
  <system-err><![CDATA[]]></system-err>
</testsuite>
