<?xml version="1.0" encoding="UTF-8"?>
<testsuite name="com.kodilla.patterns.prototype.library.LibraryTestSuite" tests="3" skipped="0" failures="0" errors="0" timestamp="2021-05-03T14:57:29" hostname="LAPTOP-LF601L0C" time="0.004">
  <properties/>
  <testcase name="testGetBooks()" classname="com.kodilla.patterns.prototype.library.LibraryTestSuite" time="0.002"/>
  <testcase name="testCopyLibrary()" classname="com.kodilla.patterns.prototype.library.LibraryTestSuite" time="0.0"/>
  <testcase name="testDeepCopyLibrary()" classname="com.kodilla.patterns.prototype.library.LibraryTestSuite" time="0.001"/>
  <system-out><![CDATA[]]></system-out>
  <system-err><![CDATA[]]></system-err>
</testsuite>
