<?xml version="1.0" encoding="UTF-8"?>
<testsuite name="com.kodilla.jdbc.DbManagerTestSuite" tests="3" skipped="0" failures="0" errors="0" timestamp="2021-05-03T14:57:27" hostname="LAPTOP-LF601L0C" time="0.234">
  <properties/>
  <testcase name="testSelectUsers()" classname="com.kodilla.jdbc.DbManagerTestSuite" time="0.229"/>
  <testcase name="testConnect()" classname="com.kodilla.jdbc.DbManagerTestSuite" time="0.001"/>
  <testcase name="testSelectUsersAndPosts()" classname="com.kodilla.jdbc.DbManagerTestSuite" time="0.003"/>
  <system-out><![CDATA[1, John, Smith
2, Zachary, Lee
3, Stephanie, Kovalsky
4, Thomas, Landgren
5, John, Thomson
John, Smith
Zachary, Lee
]]></system-out>
  <system-err><![CDATA[]]></system-err>
</testsuite>
