<?xml version="1.0" encoding="UTF-8"?>
<testsuite name="com.kodilla.exception.io.FileReaderTestSuite" tests="2" skipped="0" failures="0" errors="0" timestamp="2021-05-02T17:16:31" hostname="LAPTOP-LF601L0C" time="0.049">
  <properties/>
  <testcase name="testReadFileWithName()" classname="com.kodilla.exception.io.FileReaderTestSuite" time="0.046"/>
  <testcase name="testReadFile()" classname="com.kodilla.exception.io.FileReaderTestSuite" time="0.002"/>
  <system-out><![CDATA[I am gonna be here... always!
I am gonna be here... always!
Ted
Bob
Jane
Alice
I am gonna be here... always!
Ted
Bob
Jane
Alice
I am gonna be here... always!
]]></system-out>
  <system-err><![CDATA[]]></system-err>
</testsuite>
