<?xml version="1.0" encoding="UTF-8"?>
<testsuite name="com.kodilla.exception.io.SecondChallengeTestSuite" tests="1" skipped="0" failures="0" errors="0" timestamp="2021-05-02T17:16:31" hostname="LAPTOP-LF601L0C" time="0.003">
  <properties/>
  <testcase name="testProbablyIWillThrowException()" classname="com.kodilla.exception.io.SecondChallengeTestSuite" time="0.003"/>
  <system-out><![CDATA[]]></system-out>
  <system-err><![CDATA[]]></system-err>
</testsuite>
